{"/home/newISS/Documents/NewFramework/R&D/react-contextmenu/src/AbstractMenu.js": {"path":"/home/newISS/Documents/NewFramework/R&D/react-contextmenu/src/AbstractMenu.js","statementMap":{"0":{"start":{"line":12,"column":8},"end":{"line":12,"column":21}},"1":{"start":{"line":14,"column":8},"end":{"line":14,"column":35}},"2":{"start":{"line":15,"column":8},"end":{"line":18,"column":10}},"3":{"start":{"line":24,"column":8},"end":{"line":26,"column":9}},"4":{"start":{"line":25,"column":12},"end":{"line":25,"column":19}},"5":{"start":{"line":28,"column":8},"end":{"line":65,"column":9}},"6":{"start":{"line":31,"column":16},"end":{"line":31,"column":35}},"7":{"start":{"line":32,"column":16},"end":{"line":32,"column":33}},"8":{"start":{"line":33,"column":16},"end":{"line":33,"column":22}},"9":{"start":{"line":35,"column":16},"end":{"line":35,"column":35}},"10":{"start":{"line":36,"column":16},"end":{"line":36,"column":42}},"11":{"start":{"line":37,"column":16},"end":{"line":37,"column":22}},"12":{"start":{"line":39,"column":16},"end":{"line":39,"column":35}},"13":{"start":{"line":40,"column":16},"end":{"line":40,"column":43}},"14":{"start":{"line":41,"column":16},"end":{"line":41,"column":22}},"15":{"start":{"line":43,"column":16},"end":{"line":43,"column":41}},"16":{"start":{"line":44,"column":16},"end":{"line":44,"column":22}},"17":{"start":{"line":46,"column":16},"end":{"line":46,"column":35}},"18":{"start":{"line":47,"column":16},"end":{"line":47,"column":41}},"19":{"start":{"line":50,"column":37},"end":{"line":52,"column":58}},"20":{"start":{"line":54,"column":20},"end":{"line":60,"column":21}},"21":{"start":{"line":57,"column":24},"end":{"line":57,"column":56}},"22":{"start":{"line":59,"column":24},"end":{"line":59,"column":41}},"23":{"start":{"line":62,"column":16},"end":{"line":62,"column":22}},"24":{"start":{"line":69,"column":8},"end":{"line":69,"column":51}},"25":{"start":{"line":73,"column":8},"end":{"line":76,"column":9}},"26":{"start":{"line":74,"column":12},"end":{"line":74,"column":31}},"27":{"start":{"line":75,"column":12},"end":{"line":75,"column":54}},"28":{"start":{"line":80,"column":33},"end":{"line":80,"column":43}},"29":{"start":{"line":81,"column":25},"end":{"line":81,"column":27}},"30":{"start":{"line":82,"column":31},"end":{"line":95,"column":9}},"31":{"start":{"line":85,"column":12},"end":{"line":87,"column":13}},"32":{"start":{"line":86,"column":16},"end":{"line":86,"column":23}},"33":{"start":{"line":89,"column":12},"end":{"line":94,"column":13}},"34":{"start":{"line":91,"column":16},"end":{"line":91,"column":77}},"35":{"start":{"line":92,"column":19},"end":{"line":94,"column":13}},"36":{"start":{"line":93,"column":16},"end":{"line":93,"column":37}},"37":{"start":{"line":96,"column":8},"end":{"line":96,"column":68}},"38":{"start":{"line":97,"column":29},"end":{"line":97,"column":59}},"39":{"start":{"line":98,"column":8},"end":{"line":113,"column":9}},"40":{"start":{"line":99,"column":12},"end":{"line":102,"column":15}},"41":{"start":{"line":103,"column":15},"end":{"line":113,"column":9}},"42":{"start":{"line":104,"column":12},"end":{"line":107,"column":15}},"43":{"start":{"line":109,"column":12},"end":{"line":112,"column":15}},"44":{"start":{"line":117,"column":8},"end":{"line":119,"column":9}},"45":{"start":{"line":118,"column":12},"end":{"line":118,"column":76}},"46":{"start":{"line":123,"column":8},"end":{"line":123,"column":71}},"47":{"start":{"line":126,"column":33},"end":{"line":150,"column":6}},"48":{"start":{"line":127,"column":22},"end":{"line":127,"column":24}},"49":{"start":{"line":128,"column":8},"end":{"line":128,"column":55}},"50":{"start":{"line":128,"column":42},"end":{"line":128,"column":55}},"51":{"start":{"line":129,"column":8},"end":{"line":133,"column":9}},"52":{"start":{"line":131,"column":12},"end":{"line":131,"column":71}},"53":{"start":{"line":132,"column":12},"end":{"line":132,"column":52}},"54":{"start":{"line":134,"column":8},"end":{"line":134,"column":63}},"55":{"start":{"line":135,"column":8},"end":{"line":140,"column":9}},"56":{"start":{"line":137,"column":12},"end":{"line":137,"column":97}},"57":{"start":{"line":138,"column":12},"end":{"line":138,"column":53}},"58":{"start":{"line":139,"column":12},"end":{"line":139,"column":72}},"59":{"start":{"line":141,"column":8},"end":{"line":146,"column":9}},"60":{"start":{"line":143,"column":12},"end":{"line":143,"column":34}},"61":{"start":{"line":144,"column":12},"end":{"line":144,"column":64}},"62":{"start":{"line":144,"column":35},"end":{"line":144,"column":61}},"63":{"start":{"line":145,"column":12},"end":{"line":145,"column":52}},"64":{"start":{"line":148,"column":8},"end":{"line":148,"column":63}},"65":{"start":{"line":148,"column":34},"end":{"line":148,"column":62}},"66":{"start":{"line":149,"column":8},"end":{"line":149,"column":48}}},"fnMap":{"0":{"name":"(anonymous_0)","decl":{"start":{"line":11,"column":4},"end":{"line":11,"column":5}},"loc":{"start":{"line":11,"column":23},"end":{"line":19,"column":5}},"line":11},"1":{"name":"(anonymous_1)","decl":{"start":{"line":21,"column":26},"end":{"line":21,"column":27}},"loc":{"start":{"line":21,"column":33},"end":{"line":66,"column":5}},"line":21},"2":{"name":"(anonymous_2)","decl":{"start":{"line":68,"column":23},"end":{"line":68,"column":24}},"loc":{"start":{"line":68,"column":29},"end":{"line":70,"column":5}},"line":68},"3":{"name":"(anonymous_3)","decl":{"start":{"line":72,"column":23},"end":{"line":72,"column":24}},"loc":{"start":{"line":72,"column":30},"end":{"line":77,"column":5}},"line":72},"4":{"name":"(anonymous_4)","decl":{"start":{"line":79,"column":21},"end":{"line":79,"column":22}},"loc":{"start":{"line":79,"column":34},"end":{"line":114,"column":5}},"line":79},"5":{"name":"(anonymous_5)","decl":{"start":{"line":82,"column":31},"end":{"line":82,"column":32}},"loc":{"start":{"line":82,"column":42},"end":{"line":95,"column":9}},"line":82},"6":{"name":"(anonymous_6)","decl":{"start":{"line":116,"column":23},"end":{"line":116,"column":24}},"loc":{"start":{"line":116,"column":34},"end":{"line":120,"column":5}},"line":116},"7":{"name":"(anonymous_7)","decl":{"start":{"line":122,"column":24},"end":{"line":122,"column":25}},"loc":{"start":{"line":122,"column":30},"end":{"line":124,"column":5}},"line":122},"8":{"name":"(anonymous_8)","decl":{"start":{"line":126,"column":21},"end":{"line":126,"column":22}},"loc":{"start":{"line":126,"column":33},"end":{"line":150,"column":6}},"line":126},"9":{"name":"(anonymous_9)","decl":{"start":{"line":126,"column":62},"end":{"line":126,"column":63}},"loc":{"start":{"line":126,"column":73},"end":{"line":150,"column":5}},"line":126},"10":{"name":"(anonymous_10)","decl":{"start":{"line":144,"column":24},"end":{"line":144,"column":25}},"loc":{"start":{"line":144,"column":33},"end":{"line":144,"column":63}},"line":144},"11":{"name":"(anonymous_11)","decl":{"start":{"line":148,"column":28},"end":{"line":148,"column":29}},"loc":{"start":{"line":148,"column":34},"end":{"line":148,"column":62}},"line":148}},"branchMap":{"0":{"loc":{"start":{"line":24,"column":8},"end":{"line":26,"column":9}},"type":"if","locations":[{"start":{"line":24,"column":8},"end":{"line":26,"column":9}},{"start":{"line":24,"column":8},"end":{"line":26,"column":9}}],"line":24},"1":{"loc":{"start":{"line":28,"column":8},"end":{"line":65,"column":9}},"type":"switch","locations":[{"start":{"line":29,"column":12},"end":{"line":29,"column":20}},{"start":{"line":30,"column":12},"end":{"line":33,"column":22}},{"start":{"line":34,"column":12},"end":{"line":37,"column":22}},{"start":{"line":38,"column":12},"end":{"line":41,"column":22}},{"start":{"line":42,"column":12},"end":{"line":44,"column":22}},{"start":{"line":45,"column":12},"end":{"line":62,"column":22}},{"start":{"line":63,"column":12},"end":{"line":63,"column":20}}],"line":28},"2":{"loc":{"start":{"line":50,"column":37},"end":{"line":52,"column":58}},"type":"binary-expr","locations":[{"start":{"line":50,"column":37},"end":{"line":50,"column":56}},{"start":{"line":51,"column":24},"end":{"line":51,"column":49}},{"start":{"line":52,"column":24},"end":{"line":52,"column":58}}],"line":50},"3":{"loc":{"start":{"line":54,"column":20},"end":{"line":60,"column":21}},"type":"if","locations":[{"start":{"line":54,"column":20},"end":{"line":60,"column":21}},{"start":{"line":54,"column":20},"end":{"line":60,"column":21}}],"line":54},"4":{"loc":{"start":{"line":54,"column":24},"end":{"line":56,"column":33}},"type":"binary-expr","locations":[{"start":{"line":54,"column":24},"end":{"line":54,"column":43}},{"start":{"line":55,"column":24},"end":{"line":55,"column":70}},{"start":{"line":56,"column":24},"end":{"line":56,"column":33}}],"line":54},"5":{"loc":{"start":{"line":73,"column":8},"end":{"line":76,"column":9}},"type":"if","locations":[{"start":{"line":73,"column":8},"end":{"line":76,"column":9}},{"start":{"line":73,"column":8},"end":{"line":76,"column":9}}],"line":73},"6":{"loc":{"start":{"line":73,"column":12},"end":{"line":73,"column":93}},"type":"binary-expr","locations":[{"start":{"line":73,"column":12},"end":{"line":73,"column":35}},{"start":{"line":73,"column":39},"end":{"line":73,"column":93}}],"line":73},"7":{"loc":{"start":{"line":85,"column":12},"end":{"line":87,"column":13}},"type":"if","locations":[{"start":{"line":85,"column":12},"end":{"line":87,"column":13}},{"start":{"line":85,"column":12},"end":{"line":87,"column":13}}],"line":85},"8":{"loc":{"start":{"line":89,"column":12},"end":{"line":94,"column":13}},"type":"if","locations":[{"start":{"line":89,"column":12},"end":{"line":94,"column":13}},{"start":{"line":89,"column":12},"end":{"line":94,"column":13}}],"line":89},"9":{"loc":{"start":{"line":92,"column":19},"end":{"line":94,"column":13}},"type":"if","locations":[{"start":{"line":92,"column":19},"end":{"line":94,"column":13}},{"start":{"line":92,"column":19},"end":{"line":94,"column":13}}],"line":92},"10":{"loc":{"start":{"line":98,"column":8},"end":{"line":113,"column":9}},"type":"if","locations":[{"start":{"line":98,"column":8},"end":{"line":113,"column":9}},{"start":{"line":98,"column":8},"end":{"line":113,"column":9}}],"line":98},"11":{"loc":{"start":{"line":100,"column":30},"end":{"line":100,"column":83}},"type":"cond-expr","locations":[{"start":{"line":100,"column":40},"end":{"line":100,"column":69}},{"start":{"line":100,"column":72},"end":{"line":100,"column":83}}],"line":100},"12":{"loc":{"start":{"line":103,"column":15},"end":{"line":113,"column":9}},"type":"if","locations":[{"start":{"line":103,"column":15},"end":{"line":113,"column":9}},{"start":{"line":103,"column":15},"end":{"line":113,"column":9}}],"line":103},"13":{"loc":{"start":{"line":105,"column":39},"end":{"line":105,"column":100}},"type":"cond-expr","locations":[{"start":{"line":105,"column":62},"end":{"line":105,"column":81}},{"start":{"line":105,"column":84},"end":{"line":105,"column":100}}],"line":105},"14":{"loc":{"start":{"line":110,"column":39},"end":{"line":110,"column":96}},"type":"cond-expr","locations":[{"start":{"line":110,"column":76},"end":{"line":110,"column":92}},{"start":{"line":110,"column":95},"end":{"line":110,"column":96}}],"line":110},"15":{"loc":{"start":{"line":117,"column":8},"end":{"line":119,"column":9}},"type":"if","locations":[{"start":{"line":117,"column":8},"end":{"line":119,"column":9}},{"start":{"line":117,"column":8},"end":{"line":119,"column":9}}],"line":117},"16":{"loc":{"start":{"line":128,"column":8},"end":{"line":128,"column":55}},"type":"if","locations":[{"start":{"line":128,"column":8},"end":{"line":128,"column":55}},{"start":{"line":128,"column":8},"end":{"line":128,"column":55}}],"line":128},"17":{"loc":{"start":{"line":129,"column":8},"end":{"line":133,"column":9}},"type":"if","locations":[{"start":{"line":129,"column":8},"end":{"line":133,"column":9}},{"start":{"line":129,"column":8},"end":{"line":133,"column":9}}],"line":129},"18":{"loc":{"start":{"line":135,"column":8},"end":{"line":140,"column":9}},"type":"if","locations":[{"start":{"line":135,"column":8},"end":{"line":140,"column":9}},{"start":{"line":135,"column":8},"end":{"line":140,"column":9}}],"line":135},"19":{"loc":{"start":{"line":137,"column":30},"end":{"line":137,"column":96}},"type":"binary-expr","locations":[{"start":{"line":137,"column":30},"end":{"line":137,"column":57}},{"start":{"line":137,"column":62},"end":{"line":137,"column":95}}],"line":137},"20":{"loc":{"start":{"line":141,"column":8},"end":{"line":146,"column":9}},"type":"if","locations":[{"start":{"line":141,"column":8},"end":{"line":146,"column":9}},{"start":{"line":141,"column":8},"end":{"line":146,"column":9}}],"line":141},"21":{"loc":{"start":{"line":141,"column":12},"end":{"line":141,"column":69}},"type":"binary-expr","locations":[{"start":{"line":141,"column":12},"end":{"line":141,"column":32}},{"start":{"line":141,"column":36},"end":{"line":141,"column":69}}],"line":141}},"s":{"0":7,"1":7,"2":7,"3":2,"4":0,"5":2,"6":1,"7":1,"8":1,"9":0,"10":0,"11":0,"12":0,"13":0,"14":0,"15":0,"16":0,"17":1,"18":1,"19":1,"20":1,"21":0,"22":1,"23":1,"24":0,"25":1,"26":0,"27":0,"28":0,"29":0,"30":0,"31":0,"32":0,"33":0,"34":0,"35":0,"36":0,"37":0,"38":0,"39":0,"40":0,"41":0,"42":0,"43":0,"44":0,"45":0,"46":0,"47":18,"48":0,"49":0,"50":0,"51":0,"52":0,"53":0,"54":0,"55":0,"56":0,"57":0,"58":0,"59":0,"60":0,"61":0,"62":0,"63":0,"64":0,"65":0,"66":0},"f":{"0":7,"1":2,"2":0,"3":1,"4":0,"5":0,"6":0,"7":0,"8":18,"9":0,"10":0,"11":0},"b":{"0":[0,2],"1":[0,1,0,0,0,1,0],"2":[1,0,0],"3":[0,1],"4":[1,0,0],"5":[0,1],"6":[1,0],"7":[0,0],"8":[0,0],"9":[0,0],"10":[0,0],"11":[0,0],"12":[0,0],"13":[0,0],"14":[0,0],"15":[0,0],"16":[0,0],"17":[0,0],"18":[0,0],"19":[0,0],"20":[0,0],"21":[0,0]},"_coverageSchema":"332fd63041d2c1bcb487cc26dd0d5f7d97098a6c","hash":"b044abdf12dcc48afc41fc3c11cce67a6ec2e51c"}
,"/home/newISS/Documents/NewFramework/R&D/react-contextmenu/src/ContextMenu.js": {"path":"/home/newISS/Documents/NewFramework/R&D/react-contextmenu/src/ContextMenu.js","statementMap":{"0":{"start":{"line":29,"column":19},"end":{"line":29,"column":31}},"1":{"start":{"line":30,"column":25},"end":{"line":30,"column":37}},"2":{"start":{"line":31,"column":19},"end":{"line":31,"column":31}},"3":{"start":{"line":36,"column":8},"end":{"line":36,"column":21}},"4":{"start":{"line":38,"column":8},"end":{"line":42,"column":11}},"5":{"start":{"line":46,"column":8},"end":{"line":46,"column":23}},"6":{"start":{"line":50,"column":8},"end":{"line":50,"column":76}},"7":{"start":{"line":54,"column":8},"end":{"line":74,"column":9}},"8":{"start":{"line":55,"column":28},"end":{"line":55,"column":70}},"9":{"start":{"line":57,"column":12},"end":{"line":69,"column":15}},"10":{"start":{"line":58,"column":33},"end":{"line":58,"column":43}},"11":{"start":{"line":60,"column":38},"end":{"line":60,"column":64}},"12":{"start":{"line":62,"column":16},"end":{"line":68,"column":19}},"13":{"start":{"line":63,"column":20},"end":{"line":63,"column":43}},"14":{"start":{"line":63,"column":36},"end":{"line":63,"column":43}},"15":{"start":{"line":64,"column":20},"end":{"line":64,"column":53}},"16":{"start":{"line":65,"column":20},"end":{"line":65,"column":55}},"17":{"start":{"line":66,"column":20},"end":{"line":66,"column":48}},"18":{"start":{"line":67,"column":20},"end":{"line":67,"column":59}},"19":{"start":{"line":71,"column":12},"end":{"line":71,"column":35}},"20":{"start":{"line":71,"column":28},"end":{"line":71,"column":35}},"21":{"start":{"line":72,"column":12},"end":{"line":72,"column":40}},"22":{"start":{"line":73,"column":12},"end":{"line":73,"column":51}},"23":{"start":{"line":78,"column":8},"end":{"line":80,"column":9}},"24":{"start":{"line":79,"column":12},"end":{"line":79,"column":47}},"25":{"start":{"line":82,"column":8},"end":{"line":82,"column":34}},"26":{"start":{"line":86,"column":8},"end":{"line":86,"column":72}},"27":{"start":{"line":87,"column":8},"end":{"line":87,"column":73}},"28":{"start":{"line":88,"column":8},"end":{"line":88,"column":61}},"29":{"start":{"line":89,"column":8},"end":{"line":89,"column":66}},"30":{"start":{"line":90,"column":8},"end":{"line":90,"column":71}},"31":{"start":{"line":91,"column":8},"end":{"line":91,"column":59}},"32":{"start":{"line":95,"column":8},"end":{"line":95,"column":75}},"33":{"start":{"line":96,"column":8},"end":{"line":96,"column":76}},"34":{"start":{"line":97,"column":8},"end":{"line":97,"column":64}},"35":{"start":{"line":98,"column":8},"end":{"line":98,"column":69}},"36":{"start":{"line":99,"column":8},"end":{"line":99,"column":74}},"37":{"start":{"line":100,"column":8},"end":{"line":100,"column":62}},"38":{"start":{"line":104,"column":8},"end":{"line":104,"column":74}},"39":{"start":{"line":104,"column":67},"end":{"line":104,"column":74}},"40":{"start":{"line":106,"column":25},"end":{"line":106,"column":42}},"41":{"start":{"line":108,"column":8},"end":{"line":108,"column":49}},"42":{"start":{"line":109,"column":8},"end":{"line":109,"column":32}},"43":{"start":{"line":110,"column":8},"end":{"line":110,"column":43}},"44":{"start":{"line":114,"column":8},"end":{"line":118,"column":9}},"45":{"start":{"line":115,"column":12},"end":{"line":115,"column":38}},"46":{"start":{"line":116,"column":12},"end":{"line":116,"column":93}},"47":{"start":{"line":117,"column":12},"end":{"line":117,"column":47}},"48":{"start":{"line":122,"column":8},"end":{"line":122,"column":54}},"49":{"start":{"line":122,"column":43},"end":{"line":122,"column":54}},"50":{"start":{"line":126,"column":8},"end":{"line":126,"column":31}},"51":{"start":{"line":128,"column":8},"end":{"line":133,"column":10}},"52":{"start":{"line":135,"column":8},"end":{"line":135,"column":47}},"53":{"start":{"line":135,"column":36},"end":{"line":135,"column":47}},"54":{"start":{"line":139,"column":8},"end":{"line":141,"column":9}},"55":{"start":{"line":140,"column":12},"end":{"line":140,"column":31}},"56":{"start":{"line":142,"column":8},"end":{"line":142,"column":27}},"57":{"start":{"line":146,"column":8},"end":{"line":148,"column":9}},"58":{"start":{"line":147,"column":12},"end":{"line":147,"column":23}},"59":{"start":{"line":152,"column":25},"end":{"line":155,"column":9}},"60":{"start":{"line":157,"column":8},"end":{"line":157,"column":42}},"61":{"start":{"line":157,"column":24},"end":{"line":157,"column":42}},"62":{"start":{"line":159,"column":44},"end":{"line":159,"column":50}},"63":{"start":{"line":160,"column":21},"end":{"line":160,"column":54}},"64":{"start":{"line":162,"column":8},"end":{"line":164,"column":9}},"65":{"start":{"line":163,"column":12},"end":{"line":163,"column":42}},"66":{"start":{"line":166,"column":8},"end":{"line":168,"column":9}},"67":{"start":{"line":167,"column":12},"end":{"line":167,"column":42}},"68":{"start":{"line":170,"column":8},"end":{"line":172,"column":9}},"69":{"start":{"line":171,"column":12},"end":{"line":171,"column":93}},"70":{"start":{"line":174,"column":8},"end":{"line":176,"column":9}},"71":{"start":{"line":175,"column":12},"end":{"line":175,"column":90}},"72":{"start":{"line":178,"column":8},"end":{"line":178,"column":26}},"73":{"start":{"line":182,"column":8},"end":{"line":182,"column":22}},"74":{"start":{"line":186,"column":47},"end":{"line":186,"column":57}},"75":{"start":{"line":187,"column":30},"end":{"line":187,"column":40}},"76":{"start":{"line":188,"column":28},"end":{"line":192,"column":9}},"77":{"start":{"line":193,"column":31},"end":{"line":195,"column":10}},"78":{"start":{"line":197,"column":8},"end":{"line":203,"column":10}}},"fnMap":{"0":{"name":"(anonymous_0)","decl":{"start":{"line":35,"column":4},"end":{"line":35,"column":5}},"loc":{"start":{"line":35,"column":23},"end":{"line":43,"column":5}},"line":35},"1":{"name":"(anonymous_1)","decl":{"start":{"line":45,"column":4},"end":{"line":45,"column":5}},"loc":{"start":{"line":45,"column":21},"end":{"line":47,"column":5}},"line":45},"2":{"name":"(anonymous_2)","decl":{"start":{"line":49,"column":4},"end":{"line":49,"column":5}},"loc":{"start":{"line":49,"column":24},"end":{"line":51,"column":5}},"line":49},"3":{"name":"(anonymous_3)","decl":{"start":{"line":53,"column":4},"end":{"line":53,"column":5}},"loc":{"start":{"line":53,"column":25},"end":{"line":75,"column":5}},"line":53},"4":{"name":"(anonymous_4)","decl":{"start":{"line":57,"column":20},"end":{"line":57,"column":21}},"loc":{"start":{"line":57,"column":26},"end":{"line":69,"column":13}},"line":57},"5":{"name":"(anonymous_5)","decl":{"start":{"line":62,"column":24},"end":{"line":62,"column":25}},"loc":{"start":{"line":62,"column":30},"end":{"line":68,"column":17}},"line":62},"6":{"name":"(anonymous_6)","decl":{"start":{"line":77,"column":4},"end":{"line":77,"column":5}},"loc":{"start":{"line":77,"column":27},"end":{"line":83,"column":5}},"line":77},"7":{"name":"(anonymous_7)","decl":{"start":{"line":85,"column":23},"end":{"line":85,"column":24}},"loc":{"start":{"line":85,"column":29},"end":{"line":92,"column":5}},"line":85},"8":{"name":"(anonymous_8)","decl":{"start":{"line":94,"column":25},"end":{"line":94,"column":26}},"loc":{"start":{"line":94,"column":31},"end":{"line":101,"column":5}},"line":94},"9":{"name":"(anonymous_9)","decl":{"start":{"line":103,"column":17},"end":{"line":103,"column":18}},"loc":{"start":{"line":103,"column":24},"end":{"line":111,"column":5}},"line":103},"10":{"name":"(anonymous_10)","decl":{"start":{"line":113,"column":17},"end":{"line":113,"column":18}},"loc":{"start":{"line":113,"column":24},"end":{"line":119,"column":5}},"line":113},"11":{"name":"(anonymous_11)","decl":{"start":{"line":121,"column":25},"end":{"line":121,"column":26}},"loc":{"start":{"line":121,"column":32},"end":{"line":123,"column":5}},"line":121},"12":{"name":"(anonymous_12)","decl":{"start":{"line":125,"column":23},"end":{"line":125,"column":24}},"loc":{"start":{"line":125,"column":34},"end":{"line":136,"column":5}},"line":125},"13":{"name":"(anonymous_13)","decl":{"start":{"line":138,"column":24},"end":{"line":138,"column":25}},"loc":{"start":{"line":138,"column":31},"end":{"line":143,"column":5}},"line":138},"14":{"name":"(anonymous_14)","decl":{"start":{"line":145,"column":15},"end":{"line":145,"column":16}},"loc":{"start":{"line":145,"column":22},"end":{"line":149,"column":5}},"line":145},"15":{"name":"(anonymous_15)","decl":{"start":{"line":151,"column":22},"end":{"line":151,"column":23}},"loc":{"start":{"line":151,"column":40},"end":{"line":179,"column":5}},"line":151},"16":{"name":"(anonymous_16)","decl":{"start":{"line":181,"column":14},"end":{"line":181,"column":15}},"loc":{"start":{"line":181,"column":21},"end":{"line":183,"column":5}},"line":181},"17":{"name":"(anonymous_17)","decl":{"start":{"line":185,"column":4},"end":{"line":185,"column":5}},"loc":{"start":{"line":185,"column":13},"end":{"line":204,"column":5}},"line":185}},"branchMap":{"0":{"loc":{"start":{"line":54,"column":8},"end":{"line":74,"column":9}},"type":"if","locations":[{"start":{"line":54,"column":8},"end":{"line":74,"column":9}},{"start":{"line":54,"column":8},"end":{"line":74,"column":9}}],"line":54},"1":{"loc":{"start":{"line":55,"column":28},"end":{"line":55,"column":70}},"type":"binary-expr","locations":[{"start":{"line":55,"column":28},"end":{"line":55,"column":56}},{"start":{"line":55,"column":60},"end":{"line":55,"column":70}}],"line":55},"2":{"loc":{"start":{"line":63,"column":20},"end":{"line":63,"column":43}},"type":"if","locations":[{"start":{"line":63,"column":20},"end":{"line":63,"column":43}},{"start":{"line":63,"column":20},"end":{"line":63,"column":43}}],"line":63},"3":{"loc":{"start":{"line":71,"column":12},"end":{"line":71,"column":35}},"type":"if","locations":[{"start":{"line":71,"column":12},"end":{"line":71,"column":35}},{"start":{"line":71,"column":12},"end":{"line":71,"column":35}}],"line":71},"4":{"loc":{"start":{"line":78,"column":8},"end":{"line":80,"column":9}},"type":"if","locations":[{"start":{"line":78,"column":8},"end":{"line":80,"column":9}},{"start":{"line":78,"column":8},"end":{"line":80,"column":9}}],"line":78},"5":{"loc":{"start":{"line":104,"column":8},"end":{"line":104,"column":74}},"type":"if","locations":[{"start":{"line":104,"column":8},"end":{"line":104,"column":74}},{"start":{"line":104,"column":8},"end":{"line":104,"column":74}}],"line":104},"6":{"loc":{"start":{"line":104,"column":12},"end":{"line":104,"column":65}},"type":"binary-expr","locations":[{"start":{"line":104,"column":12},"end":{"line":104,"column":41}},{"start":{"line":104,"column":45},"end":{"line":104,"column":65}}],"line":104},"7":{"loc":{"start":{"line":114,"column":8},"end":{"line":118,"column":9}},"type":"if","locations":[{"start":{"line":114,"column":8},"end":{"line":118,"column":9}},{"start":{"line":114,"column":8},"end":{"line":118,"column":9}}],"line":114},"8":{"loc":{"start":{"line":114,"column":12},"end":{"line":114,"column":96}},"type":"binary-expr","locations":[{"start":{"line":114,"column":12},"end":{"line":114,"column":32}},{"start":{"line":114,"column":37},"end":{"line":114,"column":46}},{"start":{"line":114,"column":50},"end":{"line":114,"column":62}},{"start":{"line":114,"column":66},"end":{"line":114,"column":95}}],"line":114},"9":{"loc":{"start":{"line":122,"column":8},"end":{"line":122,"column":54}},"type":"if","locations":[{"start":{"line":122,"column":8},"end":{"line":122,"column":54}},{"start":{"line":122,"column":8},"end":{"line":122,"column":54}}],"line":122},"10":{"loc":{"start":{"line":135,"column":8},"end":{"line":135,"column":47}},"type":"if","locations":[{"start":{"line":135,"column":8},"end":{"line":135,"column":47}},{"start":{"line":135,"column":8},"end":{"line":135,"column":47}}],"line":135},"11":{"loc":{"start":{"line":139,"column":8},"end":{"line":141,"column":9}},"type":"if","locations":[{"start":{"line":139,"column":8},"end":{"line":141,"column":9}},{"start":{"line":139,"column":8},"end":{"line":141,"column":9}}],"line":139},"12":{"loc":{"start":{"line":146,"column":8},"end":{"line":148,"column":9}},"type":"if","locations":[{"start":{"line":146,"column":8},"end":{"line":148,"column":9}},{"start":{"line":146,"column":8},"end":{"line":148,"column":9}}],"line":146},"13":{"loc":{"start":{"line":146,"column":12},"end":{"line":146,"column":48}},"type":"binary-expr","locations":[{"start":{"line":146,"column":12},"end":{"line":146,"column":28}},{"start":{"line":146,"column":32},"end":{"line":146,"column":48}}],"line":146},"14":{"loc":{"start":{"line":151,"column":23},"end":{"line":151,"column":28}},"type":"default-arg","locations":[{"start":{"line":151,"column":27},"end":{"line":151,"column":28}}],"line":151},"15":{"loc":{"start":{"line":151,"column":30},"end":{"line":151,"column":35}},"type":"default-arg","locations":[{"start":{"line":151,"column":34},"end":{"line":151,"column":35}}],"line":151},"16":{"loc":{"start":{"line":157,"column":8},"end":{"line":157,"column":42}},"type":"if","locations":[{"start":{"line":157,"column":8},"end":{"line":157,"column":42}},{"start":{"line":157,"column":8},"end":{"line":157,"column":42}}],"line":157},"17":{"loc":{"start":{"line":162,"column":8},"end":{"line":164,"column":9}},"type":"if","locations":[{"start":{"line":162,"column":8},"end":{"line":164,"column":9}},{"start":{"line":162,"column":8},"end":{"line":164,"column":9}}],"line":162},"18":{"loc":{"start":{"line":166,"column":8},"end":{"line":168,"column":9}},"type":"if","locations":[{"start":{"line":166,"column":8},"end":{"line":168,"column":9}},{"start":{"line":166,"column":8},"end":{"line":168,"column":9}}],"line":166},"19":{"loc":{"start":{"line":170,"column":8},"end":{"line":172,"column":9}},"type":"if","locations":[{"start":{"line":170,"column":8},"end":{"line":172,"column":9}},{"start":{"line":170,"column":8},"end":{"line":172,"column":9}}],"line":170},"20":{"loc":{"start":{"line":171,"column":29},"end":{"line":171,"column":92}},"type":"cond-expr","locations":[{"start":{"line":171,"column":57},"end":{"line":171,"column":88}},{"start":{"line":171,"column":91},"end":{"line":171,"column":92}}],"line":171},"21":{"loc":{"start":{"line":174,"column":8},"end":{"line":176,"column":9}},"type":"if","locations":[{"start":{"line":174,"column":8},"end":{"line":176,"column":9}},{"start":{"line":174,"column":8},"end":{"line":176,"column":9}}],"line":174},"22":{"loc":{"start":{"line":175,"column":30},"end":{"line":175,"column":89}},"type":"cond-expr","locations":[{"start":{"line":175,"column":56},"end":{"line":175,"column":85}},{"start":{"line":175,"column":88},"end":{"line":175,"column":89}}],"line":175}},"s":{"0":1,"1":0,"2":5,"3":7,"4":7,"5":0,"6":7,"7":11,"8":6,"9":6,"10":0,"11":0,"12":0,"13":0,"14":0,"15":0,"16":0,"17":0,"18":0,"19":5,"20":0,"21":5,"22":5,"23":7,"24":7,"25":7,"26":6,"27":6,"28":6,"29":6,"30":6,"31":6,"32":12,"33":12,"34":12,"35":12,"36":12,"37":12,"38":8,"39":2,"40":6,"41":6,"42":6,"43":6,"44":6,"45":5,"46":5,"47":5,"48":1,"49":1,"50":1,"51":1,"52":1,"53":1,"54":0,"55":0,"56":0,"57":2,"58":2,"59":0,"60":0,"61":0,"62":0,"63":0,"64":0,"65":0,"66":0,"67":0,"68":0,"69":0,"70":0,"71":0,"72":0,"73":14,"74":18,"75":18,"76":18,"77":18,"78":18},"f":{"0":7,"1":0,"2":7,"3":11,"4":0,"5":0,"6":7,"7":6,"8":12,"9":8,"10":6,"11":1,"12":1,"13":0,"14":2,"15":0,"16":14,"17":18},"b":{"0":[6,5],"1":[6,0],"2":[0,0],"3":[0,5],"4":[7,0],"5":[2,6],"6":[8,7],"7":[5,1],"8":[6,5,5,0],"9":[1,0],"10":[1,0],"11":[0,0],"12":[2,0],"13":[2,1],"14":[0],"15":[0],"16":[0,0],"17":[0,0],"18":[0,0],"19":[0,0],"20":[0,0],"21":[0,0],"22":[0,0]},"_coverageSchema":"332fd63041d2c1bcb487cc26dd0d5f7d97098a6c","hash":"ac7b2cdf2c7334998c6cbb03cf0c3b2343ae357a"}
,"/home/newISS/Documents/NewFramework/R&D/react-contextmenu/src/MenuItem.js": {"path":"/home/newISS/Documents/NewFramework/R&D/react-contextmenu/src/MenuItem.js","statementMap":{"0":{"start":{"line":29,"column":20},"end":{"line":29,"column":32}},"1":{"start":{"line":32,"column":27},"end":{"line":32,"column":31}},"2":{"start":{"line":33,"column":28},"end":{"line":33,"column":32}},"3":{"start":{"line":37,"column":8},"end":{"line":37,"column":31}},"4":{"start":{"line":39,"column":8},"end":{"line":39,"column":62}},"5":{"start":{"line":39,"column":55},"end":{"line":39,"column":62}},"6":{"start":{"line":41,"column":8},"end":{"line":46,"column":10}},"7":{"start":{"line":48,"column":8},"end":{"line":48,"column":44}},"8":{"start":{"line":48,"column":37},"end":{"line":48,"column":44}},"9":{"start":{"line":50,"column":8},"end":{"line":50,"column":19}},"10":{"start":{"line":54,"column":70},"end":{"line":54,"column":80}},"11":{"start":{"line":55,"column":35},"end":{"line":59,"column":10}},"12":{"start":{"line":61,"column":8},"end":{"line":71,"column":10}},"13":{"start":{"line":66,"column":32},"end":{"line":66,"column":47}}},"fnMap":{"0":{"name":"(anonymous_0)","decl":{"start":{"line":32,"column":21},"end":{"line":32,"column":22}},"loc":{"start":{"line":32,"column":27},"end":{"line":32,"column":31}},"line":32},"1":{"name":"(anonymous_1)","decl":{"start":{"line":33,"column":22},"end":{"line":33,"column":23}},"loc":{"start":{"line":33,"column":28},"end":{"line":33,"column":32}},"line":33},"2":{"name":"(anonymous_2)","decl":{"start":{"line":36,"column":18},"end":{"line":36,"column":19}},"loc":{"start":{"line":36,"column":29},"end":{"line":51,"column":5}},"line":36},"3":{"name":"(anonymous_3)","decl":{"start":{"line":53,"column":4},"end":{"line":53,"column":5}},"loc":{"start":{"line":53,"column":13},"end":{"line":72,"column":5}},"line":53},"4":{"name":"(anonymous_4)","decl":{"start":{"line":66,"column":21},"end":{"line":66,"column":22}},"loc":{"start":{"line":66,"column":30},"end":{"line":66,"column":49}},"line":66}},"branchMap":{"0":{"loc":{"start":{"line":39,"column":8},"end":{"line":39,"column":62}},"type":"if","locations":[{"start":{"line":39,"column":8},"end":{"line":39,"column":62}},{"start":{"line":39,"column":8},"end":{"line":39,"column":62}}],"line":39},"1":{"loc":{"start":{"line":39,"column":12},"end":{"line":39,"column":53}},"type":"binary-expr","locations":[{"start":{"line":39,"column":12},"end":{"line":39,"column":31}},{"start":{"line":39,"column":35},"end":{"line":39,"column":53}}],"line":39},"2":{"loc":{"start":{"line":48,"column":8},"end":{"line":48,"column":44}},"type":"if","locations":[{"start":{"line":48,"column":8},"end":{"line":48,"column":44}},{"start":{"line":48,"column":8},"end":{"line":48,"column":44}}],"line":48},"3":{"loc":{"start":{"line":64,"column":61},"end":{"line":64,"column":88}},"type":"cond-expr","locations":[{"start":{"line":64,"column":72},"end":{"line":64,"column":78}},{"start":{"line":64,"column":81},"end":{"line":64,"column":88}}],"line":64},"4":{"loc":{"start":{"line":65,"column":34},"end":{"line":65,"column":63}},"type":"cond-expr","locations":[{"start":{"line":65,"column":44},"end":{"line":65,"column":56}},{"start":{"line":65,"column":59},"end":{"line":65,"column":63}}],"line":65},"5":{"loc":{"start":{"line":69,"column":17},"end":{"line":69,"column":42}},"type":"cond-expr","locations":[{"start":{"line":69,"column":27},"end":{"line":69,"column":31}},{"start":{"line":69,"column":34},"end":{"line":69,"column":42}}],"line":69}},"s":{"0":0,"1":0,"2":0,"3":0,"4":0,"5":0,"6":0,"7":0,"8":0,"9":0,"10":0,"11":0,"12":0,"13":0},"f":{"0":0,"1":0,"2":0,"3":0,"4":0},"b":{"0":[0,0],"1":[0,0],"2":[0,0],"3":[0,0],"4":[0,0],"5":[0,0]},"_coverageSchema":"332fd63041d2c1bcb487cc26dd0d5f7d97098a6c","hash":"7b9dd5d50de3ceb6a134b2e54dfce9147e2581bb"}
,"/home/newISS/Documents/NewFramework/R&D/react-contextmenu/src/SubMenu.js": {"path":"/home/newISS/Documents/NewFramework/R&D/react-contextmenu/src/SubMenu.js","statementMap":{"0":{"start":{"line":34,"column":27},"end":{"line":34,"column":31}},"1":{"start":{"line":35,"column":26},"end":{"line":35,"column":30}},"2":{"start":{"line":37,"column":26},"end":{"line":37,"column":30}},"3":{"start":{"line":38,"column":42},"end":{"line":38,"column":46}},"4":{"start":{"line":42,"column":8},"end":{"line":42,"column":21}},"5":{"start":{"line":44,"column":8},"end":{"line":46,"column":11}},"6":{"start":{"line":50,"column":8},"end":{"line":50,"column":67}},"7":{"start":{"line":54,"column":8},"end":{"line":54,"column":23}},"8":{"start":{"line":58,"column":8},"end":{"line":61,"column":79}},"9":{"start":{"line":62,"column":8},"end":{"line":62,"column":20}},"10":{"start":{"line":66,"column":8},"end":{"line":66,"column":45}},"11":{"start":{"line":66,"column":38},"end":{"line":66,"column":45}},"12":{"start":{"line":67,"column":8},"end":{"line":99,"column":9}},"13":{"start":{"line":68,"column":28},"end":{"line":68,"column":70}},"14":{"start":{"line":69,"column":12},"end":{"line":87,"column":15}},"15":{"start":{"line":70,"column":31},"end":{"line":72,"column":56}},"16":{"start":{"line":74,"column":16},"end":{"line":74,"column":57}},"17":{"start":{"line":75,"column":16},"end":{"line":75,"column":60}},"18":{"start":{"line":76,"column":16},"end":{"line":76,"column":58}},"19":{"start":{"line":77,"column":16},"end":{"line":77,"column":59}},"20":{"start":{"line":79,"column":16},"end":{"line":79,"column":83}},"21":{"start":{"line":79,"column":47},"end":{"line":79,"column":83}},"22":{"start":{"line":80,"column":16},"end":{"line":80,"column":86}},"23":{"start":{"line":80,"column":48},"end":{"line":80,"column":86}},"24":{"start":{"line":81,"column":16},"end":{"line":81,"column":92}},"25":{"start":{"line":81,"column":50},"end":{"line":81,"column":92}},"26":{"start":{"line":82,"column":16},"end":{"line":82,"column":89}},"27":{"start":{"line":82,"column":49},"end":{"line":82,"column":89}},"28":{"start":{"line":83,"column":16},"end":{"line":83,"column":67}},"29":{"start":{"line":85,"column":16},"end":{"line":85,"column":40}},"30":{"start":{"line":86,"column":16},"end":{"line":86,"column":54}},"31":{"start":{"line":89,"column":28},"end":{"line":96,"column":13}},"32":{"start":{"line":90,"column":16},"end":{"line":90,"column":75}},"33":{"start":{"line":91,"column":16},"end":{"line":91,"column":60}},"34":{"start":{"line":92,"column":16},"end":{"line":92,"column":59}},"35":{"start":{"line":93,"column":16},"end":{"line":93,"column":43}},"36":{"start":{"line":94,"column":16},"end":{"line":94,"column":49}},"37":{"start":{"line":95,"column":16},"end":{"line":95,"column":42}},"38":{"start":{"line":97,"column":12},"end":{"line":97,"column":68}},"39":{"start":{"line":98,"column":12},"end":{"line":98,"column":66}},"40":{"start":{"line":103,"column":8},"end":{"line":105,"column":9}},"41":{"start":{"line":104,"column":12},"end":{"line":104,"column":47}},"42":{"start":{"line":107,"column":8},"end":{"line":107,"column":57}},"43":{"start":{"line":107,"column":28},"end":{"line":107,"column":57}},"44":{"start":{"line":109,"column":8},"end":{"line":109,"column":59}},"45":{"start":{"line":109,"column":29},"end":{"line":109,"column":59}},"46":{"start":{"line":111,"column":8},"end":{"line":111,"column":38}},"47":{"start":{"line":115,"column":44},"end":{"line":115,"column":50}},"48":{"start":{"line":116,"column":21},"end":{"line":116,"column":57}},"49":{"start":{"line":117,"column":25},"end":{"line":117,"column":27}},"50":{"start":{"line":119,"column":8},"end":{"line":123,"column":9}},"51":{"start":{"line":120,"column":12},"end":{"line":120,"column":32}},"52":{"start":{"line":122,"column":12},"end":{"line":122,"column":29}},"53":{"start":{"line":125,"column":8},"end":{"line":129,"column":9}},"54":{"start":{"line":126,"column":12},"end":{"line":126,"column":35}},"55":{"start":{"line":128,"column":12},"end":{"line":128,"column":36}},"56":{"start":{"line":131,"column":8},"end":{"line":131,"column":24}},"57":{"start":{"line":135,"column":32},"end":{"line":135,"column":38}},"58":{"start":{"line":136,"column":21},"end":{"line":136,"column":57}},"59":{"start":{"line":137,"column":25},"end":{"line":137,"column":27}},"60":{"start":{"line":139,"column":8},"end":{"line":143,"column":9}},"61":{"start":{"line":140,"column":12},"end":{"line":140,"column":32}},"62":{"start":{"line":142,"column":12},"end":{"line":142,"column":29}},"63":{"start":{"line":145,"column":8},"end":{"line":149,"column":9}},"64":{"start":{"line":146,"column":12},"end":{"line":146,"column":35}},"65":{"start":{"line":148,"column":12},"end":{"line":148,"column":36}},"66":{"start":{"line":151,"column":8},"end":{"line":151,"column":24}},"67":{"start":{"line":156,"column":8},"end":{"line":158,"column":9}},"68":{"start":{"line":157,"column":12},"end":{"line":157,"column":19}},"69":{"start":{"line":160,"column":8},"end":{"line":162,"column":9}},"70":{"start":{"line":161,"column":12},"end":{"line":161,"column":36}},"71":{"start":{"line":163,"column":8},"end":{"line":163,"column":62}},"72":{"start":{"line":164,"column":8},"end":{"line":164,"column":34}},"73":{"start":{"line":168,"column":8},"end":{"line":168,"column":31}},"74":{"start":{"line":170,"column":8},"end":{"line":170,"column":40}},"75":{"start":{"line":170,"column":33},"end":{"line":170,"column":40}},"76":{"start":{"line":172,"column":8},"end":{"line":177,"column":10}},"77":{"start":{"line":181,"column":8},"end":{"line":181,"column":59}},"78":{"start":{"line":181,"column":29},"end":{"line":181,"column":59}},"79":{"start":{"line":183,"column":8},"end":{"line":183,"column":62}},"80":{"start":{"line":183,"column":55},"end":{"line":183,"column":62}},"81":{"start":{"line":185,"column":8},"end":{"line":188,"column":35}},"82":{"start":{"line":185,"column":42},"end":{"line":188,"column":10}},"83":{"start":{"line":192,"column":8},"end":{"line":192,"column":57}},"84":{"start":{"line":192,"column":28},"end":{"line":192,"column":57}},"85":{"start":{"line":194,"column":8},"end":{"line":194,"column":40}},"86":{"start":{"line":194,"column":33},"end":{"line":194,"column":40}},"87":{"start":{"line":196,"column":8},"end":{"line":199,"column":35}},"88":{"start":{"line":196,"column":43},"end":{"line":199,"column":10}},"89":{"start":{"line":203,"column":8},"end":{"line":203,"column":22}},"90":{"start":{"line":207,"column":8},"end":{"line":207,"column":25}},"91":{"start":{"line":211,"column":8},"end":{"line":211,"column":87}},"92":{"start":{"line":212,"column":8},"end":{"line":212,"column":71}},"93":{"start":{"line":216,"column":8},"end":{"line":216,"column":74}},"94":{"start":{"line":217,"column":8},"end":{"line":219,"column":9}},"95":{"start":{"line":218,"column":12},"end":{"line":218,"column":88}},"96":{"start":{"line":223,"column":68},"end":{"line":223,"column":78}},"97":{"start":{"line":224,"column":28},"end":{"line":224,"column":38}},"98":{"start":{"line":225,"column":26},"end":{"line":233,"column":9}},"99":{"start":{"line":234,"column":30},"end":{"line":243,"column":9}},"100":{"start":{"line":244,"column":29},"end":{"line":253,"column":9}},"101":{"start":{"line":255,"column":8},"end":{"line":264,"column":10}}},"fnMap":{"0":{"name":"(anonymous_0)","decl":{"start":{"line":34,"column":21},"end":{"line":34,"column":22}},"loc":{"start":{"line":34,"column":27},"end":{"line":34,"column":31}},"line":34},"1":{"name":"(anonymous_1)","decl":{"start":{"line":35,"column":20},"end":{"line":35,"column":21}},"loc":{"start":{"line":35,"column":26},"end":{"line":35,"column":30}},"line":35},"2":{"name":"(anonymous_2)","decl":{"start":{"line":37,"column":20},"end":{"line":37,"column":21}},"loc":{"start":{"line":37,"column":26},"end":{"line":37,"column":30}},"line":37},"3":{"name":"(anonymous_3)","decl":{"start":{"line":38,"column":36},"end":{"line":38,"column":37}},"loc":{"start":{"line":38,"column":42},"end":{"line":38,"column":46}},"line":38},"4":{"name":"(anonymous_4)","decl":{"start":{"line":41,"column":4},"end":{"line":41,"column":5}},"loc":{"start":{"line":41,"column":23},"end":{"line":47,"column":5}},"line":41},"5":{"name":"(anonymous_5)","decl":{"start":{"line":49,"column":4},"end":{"line":49,"column":5}},"loc":{"start":{"line":49,"column":24},"end":{"line":51,"column":5}},"line":49},"6":{"name":"(anonymous_6)","decl":{"start":{"line":50,"column":42},"end":{"line":50,"column":43}},"loc":{"start":{"line":50,"column":48},"end":{"line":50,"column":50}},"line":50},"7":{"name":"(anonymous_7)","decl":{"start":{"line":53,"column":4},"end":{"line":53,"column":5}},"loc":{"start":{"line":53,"column":21},"end":{"line":55,"column":5}},"line":53},"8":{"name":"(anonymous_8)","decl":{"start":{"line":57,"column":4},"end":{"line":57,"column":5}},"loc":{"start":{"line":57,"column":48},"end":{"line":63,"column":5}},"line":57},"9":{"name":"(anonymous_9)","decl":{"start":{"line":65,"column":4},"end":{"line":65,"column":5}},"loc":{"start":{"line":65,"column":25},"end":{"line":100,"column":5}},"line":65},"10":{"name":"(anonymous_10)","decl":{"start":{"line":69,"column":20},"end":{"line":69,"column":21}},"loc":{"start":{"line":69,"column":26},"end":{"line":87,"column":13}},"line":69},"11":{"name":"(anonymous_11)","decl":{"start":{"line":89,"column":28},"end":{"line":89,"column":29}},"loc":{"start":{"line":89,"column":34},"end":{"line":96,"column":13}},"line":89},"12":{"name":"(anonymous_12)","decl":{"start":{"line":102,"column":4},"end":{"line":102,"column":5}},"loc":{"start":{"line":102,"column":27},"end":{"line":112,"column":5}},"line":102},"13":{"name":"(anonymous_13)","decl":{"start":{"line":114,"column":22},"end":{"line":114,"column":23}},"loc":{"start":{"line":114,"column":28},"end":{"line":132,"column":5}},"line":114},"14":{"name":"(anonymous_14)","decl":{"start":{"line":134,"column":25},"end":{"line":134,"column":26}},"loc":{"start":{"line":134,"column":31},"end":{"line":152,"column":5}},"line":134},"15":{"name":"(anonymous_15)","decl":{"start":{"line":154,"column":15},"end":{"line":154,"column":16}},"loc":{"start":{"line":154,"column":22},"end":{"line":165,"column":5}},"line":154},"16":{"name":"(anonymous_16)","decl":{"start":{"line":167,"column":18},"end":{"line":167,"column":19}},"loc":{"start":{"line":167,"column":29},"end":{"line":178,"column":5}},"line":167},"17":{"name":"(anonymous_17)","decl":{"start":{"line":180,"column":23},"end":{"line":180,"column":24}},"loc":{"start":{"line":180,"column":29},"end":{"line":189,"column":5}},"line":180},"18":{"name":"(anonymous_18)","decl":{"start":{"line":185,"column":36},"end":{"line":185,"column":37}},"loc":{"start":{"line":185,"column":42},"end":{"line":188,"column":10}},"line":185},"19":{"name":"(anonymous_19)","decl":{"start":{"line":191,"column":23},"end":{"line":191,"column":24}},"loc":{"start":{"line":191,"column":29},"end":{"line":200,"column":5}},"line":191},"20":{"name":"(anonymous_20)","decl":{"start":{"line":196,"column":37},"end":{"line":196,"column":38}},"loc":{"start":{"line":196,"column":43},"end":{"line":199,"column":10}},"line":196},"21":{"name":"(anonymous_21)","decl":{"start":{"line":202,"column":14},"end":{"line":202,"column":15}},"loc":{"start":{"line":202,"column":21},"end":{"line":204,"column":5}},"line":202},"22":{"name":"(anonymous_22)","decl":{"start":{"line":206,"column":17},"end":{"line":206,"column":18}},"loc":{"start":{"line":206,"column":24},"end":{"line":208,"column":5}},"line":206},"23":{"name":"(anonymous_23)","decl":{"start":{"line":210,"column":23},"end":{"line":210,"column":24}},"loc":{"start":{"line":210,"column":29},"end":{"line":213,"column":5}},"line":210},"24":{"name":"(anonymous_24)","decl":{"start":{"line":215,"column":25},"end":{"line":215,"column":26}},"loc":{"start":{"line":215,"column":42},"end":{"line":220,"column":5}},"line":215},"25":{"name":"(anonymous_25)","decl":{"start":{"line":222,"column":4},"end":{"line":222,"column":5}},"loc":{"start":{"line":222,"column":13},"end":{"line":265,"column":5}},"line":222}},"branchMap":{"0":{"loc":{"start":{"line":58,"column":34},"end":{"line":61,"column":78}},"type":"binary-expr","locations":[{"start":{"line":58,"column":35},"end":{"line":58,"column":75}},{"start":{"line":59,"column":34},"end":{"line":59,"column":78}},{"start":{"line":60,"column":34},"end":{"line":60,"column":78}},{"start":{"line":61,"column":34},"end":{"line":61,"column":78}}],"line":58},"1":{"loc":{"start":{"line":60,"column":36},"end":{"line":60,"column":77}},"type":"binary-expr","locations":[{"start":{"line":60,"column":36},"end":{"line":60,"column":54}},{"start":{"line":60,"column":58},"end":{"line":60,"column":77}}],"line":60},"2":{"loc":{"start":{"line":61,"column":36},"end":{"line":61,"column":77}},"type":"binary-expr","locations":[{"start":{"line":61,"column":36},"end":{"line":61,"column":56}},{"start":{"line":61,"column":60},"end":{"line":61,"column":77}}],"line":61},"3":{"loc":{"start":{"line":66,"column":8},"end":{"line":66,"column":45}},"type":"if","locations":[{"start":{"line":66,"column":8},"end":{"line":66,"column":45}},{"start":{"line":66,"column":8},"end":{"line":66,"column":45}}],"line":66},"4":{"loc":{"start":{"line":67,"column":8},"end":{"line":99,"column":9}},"type":"if","locations":[{"start":{"line":67,"column":8},"end":{"line":99,"column":9}},{"start":{"line":67,"column":8},"end":{"line":99,"column":9}}],"line":67},"5":{"loc":{"start":{"line":67,"column":12},"end":{"line":67,"column":54}},"type":"binary-expr","locations":[{"start":{"line":67,"column":12},"end":{"line":67,"column":32}},{"start":{"line":67,"column":36},"end":{"line":67,"column":54}}],"line":67},"6":{"loc":{"start":{"line":68,"column":28},"end":{"line":68,"column":70}},"type":"binary-expr","locations":[{"start":{"line":68,"column":28},"end":{"line":68,"column":56}},{"start":{"line":68,"column":60},"end":{"line":68,"column":70}}],"line":68},"7":{"loc":{"start":{"line":70,"column":31},"end":{"line":72,"column":56}},"type":"cond-expr","locations":[{"start":{"line":71,"column":34},"end":{"line":71,"column":59}},{"start":{"line":72,"column":34},"end":{"line":72,"column":56}}],"line":70},"8":{"loc":{"start":{"line":79,"column":16},"end":{"line":79,"column":83}},"type":"if","locations":[{"start":{"line":79,"column":16},"end":{"line":79,"column":83}},{"start":{"line":79,"column":16},"end":{"line":79,"column":83}}],"line":79},"9":{"loc":{"start":{"line":80,"column":16},"end":{"line":80,"column":86}},"type":"if","locations":[{"start":{"line":80,"column":16},"end":{"line":80,"column":86}},{"start":{"line":80,"column":16},"end":{"line":80,"column":86}}],"line":80},"10":{"loc":{"start":{"line":81,"column":16},"end":{"line":81,"column":92}},"type":"if","locations":[{"start":{"line":81,"column":16},"end":{"line":81,"column":92}},{"start":{"line":81,"column":16},"end":{"line":81,"column":92}}],"line":81},"11":{"loc":{"start":{"line":82,"column":16},"end":{"line":82,"column":89}},"type":"if","locations":[{"start":{"line":82,"column":16},"end":{"line":82,"column":89}},{"start":{"line":82,"column":16},"end":{"line":82,"column":89}}],"line":82},"12":{"loc":{"start":{"line":103,"column":8},"end":{"line":105,"column":9}},"type":"if","locations":[{"start":{"line":103,"column":8},"end":{"line":105,"column":9}},{"start":{"line":103,"column":8},"end":{"line":105,"column":9}}],"line":103},"13":{"loc":{"start":{"line":107,"column":8},"end":{"line":107,"column":57}},"type":"if","locations":[{"start":{"line":107,"column":8},"end":{"line":107,"column":57}},{"start":{"line":107,"column":8},"end":{"line":107,"column":57}}],"line":107},"14":{"loc":{"start":{"line":109,"column":8},"end":{"line":109,"column":59}},"type":"if","locations":[{"start":{"line":109,"column":8},"end":{"line":109,"column":59}},{"start":{"line":109,"column":8},"end":{"line":109,"column":59}}],"line":109},"15":{"loc":{"start":{"line":119,"column":8},"end":{"line":123,"column":9}},"type":"if","locations":[{"start":{"line":119,"column":8},"end":{"line":123,"column":9}},{"start":{"line":119,"column":8},"end":{"line":123,"column":9}}],"line":119},"16":{"loc":{"start":{"line":125,"column":8},"end":{"line":129,"column":9}},"type":"if","locations":[{"start":{"line":125,"column":8},"end":{"line":129,"column":9}},{"start":{"line":125,"column":8},"end":{"line":129,"column":9}}],"line":125},"17":{"loc":{"start":{"line":139,"column":8},"end":{"line":143,"column":9}},"type":"if","locations":[{"start":{"line":139,"column":8},"end":{"line":143,"column":9}},{"start":{"line":139,"column":8},"end":{"line":143,"column":9}}],"line":139},"18":{"loc":{"start":{"line":145,"column":8},"end":{"line":149,"column":9}},"type":"if","locations":[{"start":{"line":145,"column":8},"end":{"line":149,"column":9}},{"start":{"line":145,"column":8},"end":{"line":149,"column":9}}],"line":145},"19":{"loc":{"start":{"line":156,"column":8},"end":{"line":158,"column":9}},"type":"if","locations":[{"start":{"line":156,"column":8},"end":{"line":158,"column":9}},{"start":{"line":156,"column":8},"end":{"line":158,"column":9}}],"line":156},"20":{"loc":{"start":{"line":156,"column":12},"end":{"line":156,"column":80}},"type":"binary-expr","locations":[{"start":{"line":156,"column":12},"end":{"line":156,"column":20}},{"start":{"line":156,"column":24},"end":{"line":156,"column":35}},{"start":{"line":156,"column":39},"end":{"line":156,"column":48}},{"start":{"line":156,"column":52},"end":{"line":156,"column":80}}],"line":156},"21":{"loc":{"start":{"line":160,"column":8},"end":{"line":162,"column":9}},"type":"if","locations":[{"start":{"line":160,"column":8},"end":{"line":162,"column":9}},{"start":{"line":160,"column":8},"end":{"line":162,"column":9}}],"line":160},"22":{"loc":{"start":{"line":170,"column":8},"end":{"line":170,"column":40}},"type":"if","locations":[{"start":{"line":170,"column":8},"end":{"line":170,"column":40}},{"start":{"line":170,"column":8},"end":{"line":170,"column":40}}],"line":170},"23":{"loc":{"start":{"line":181,"column":8},"end":{"line":181,"column":59}},"type":"if","locations":[{"start":{"line":181,"column":8},"end":{"line":181,"column":59}},{"start":{"line":181,"column":8},"end":{"line":181,"column":59}}],"line":181},"24":{"loc":{"start":{"line":183,"column":8},"end":{"line":183,"column":62}},"type":"if","locations":[{"start":{"line":183,"column":8},"end":{"line":183,"column":62}},{"start":{"line":183,"column":8},"end":{"line":183,"column":62}}],"line":183},"25":{"loc":{"start":{"line":183,"column":12},"end":{"line":183,"column":53}},"type":"binary-expr","locations":[{"start":{"line":183,"column":12},"end":{"line":183,"column":31}},{"start":{"line":183,"column":35},"end":{"line":183,"column":53}}],"line":183},"26":{"loc":{"start":{"line":192,"column":8},"end":{"line":192,"column":57}},"type":"if","locations":[{"start":{"line":192,"column":8},"end":{"line":192,"column":57}},{"start":{"line":192,"column":8},"end":{"line":192,"column":57}}],"line":192},"27":{"loc":{"start":{"line":194,"column":8},"end":{"line":194,"column":40}},"type":"if","locations":[{"start":{"line":194,"column":8},"end":{"line":194,"column":40}},{"start":{"line":194,"column":8},"end":{"line":194,"column":40}}],"line":194},"28":{"loc":{"start":{"line":217,"column":8},"end":{"line":219,"column":9}},"type":"if","locations":[{"start":{"line":217,"column":8},"end":{"line":219,"column":9}},{"start":{"line":217,"column":8},"end":{"line":219,"column":9}}],"line":217}},"s":{"0":0,"1":0,"2":0,"3":0,"4":0,"5":0,"6":0,"7":0,"8":0,"9":0,"10":0,"11":0,"12":0,"13":0,"14":0,"15":0,"16":0,"17":0,"18":0,"19":0,"20":0,"21":0,"22":0,"23":0,"24":0,"25":0,"26":0,"27":0,"28":0,"29":0,"30":0,"31":0,"32":0,"33":0,"34":0,"35":0,"36":0,"37":0,"38":0,"39":0,"40":0,"41":0,"42":0,"43":0,"44":0,"45":0,"46":0,"47":0,"48":0,"49":0,"50":0,"51":0,"52":0,"53":0,"54":0,"55":0,"56":0,"57":0,"58":0,"59":0,"60":0,"61":0,"62":0,"63":0,"64":0,"65":0,"66":0,"67":0,"68":0,"69":0,"70":0,"71":0,"72":0,"73":0,"74":0,"75":0,"76":0,"77":0,"78":0,"79":0,"80":0,"81":0,"82":0,"83":0,"84":0,"85":0,"86":0,"87":0,"88":0,"89":0,"90":0,"91":0,"92":0,"93":0,"94":0,"95":0,"96":0,"97":0,"98":0,"99":0,"100":0,"101":0},"f":{"0":0,"1":0,"2":0,"3":0,"4":0,"5":0,"6":0,"7":0,"8":0,"9":0,"10":0,"11":0,"12":0,"13":0,"14":0,"15":0,"16":0,"17":0,"18":0,"19":0,"20":0,"21":0,"22":0,"23":0,"24":0,"25":0},"b":{"0":[0,0,0,0],"1":[0,0],"2":[0,0],"3":[0,0],"4":[0,0],"5":[0,0],"6":[0,0],"7":[0,0],"8":[0,0],"9":[0,0],"10":[0,0],"11":[0,0],"12":[0,0],"13":[0,0],"14":[0,0],"15":[0,0],"16":[0,0],"17":[0,0],"18":[0,0],"19":[0,0],"20":[0,0,0,0],"21":[0,0],"22":[0,0],"23":[0,0],"24":[0,0],"25":[0,0],"26":[0,0],"27":[0,0],"28":[0,0]},"_coverageSchema":"332fd63041d2c1bcb487cc26dd0d5f7d97098a6c","hash":"8cf4718ada055173fcde2aeb41e19b99fdae18e4"}
,"/home/newISS/Documents/NewFramework/R&D/react-contextmenu/src/actions.js": {"path":"/home/newISS/Documents/NewFramework/R&D/react-contextmenu/src/actions.js","statementMap":{"0":{"start":{"line":5,"column":25},"end":{"line":5,"column":49}},"1":{"start":{"line":6,"column":25},"end":{"line":6,"column":49}},"2":{"start":{"line":14,"column":4},"end":{"line":19,"column":5}},"3":{"start":{"line":15,"column":8},"end":{"line":15,"column":68}},"4":{"start":{"line":17,"column":8},"end":{"line":17,"column":52}},"5":{"start":{"line":18,"column":8},"end":{"line":18,"column":60}},"6":{"start":{"line":21,"column":4},"end":{"line":24,"column":5}},"7":{"start":{"line":22,"column":8},"end":{"line":22,"column":36}},"8":{"start":{"line":23,"column":8},"end":{"line":23,"column":28}},"9":{"start":{"line":28,"column":4},"end":{"line":28,"column":82}},"10":{"start":{"line":32,"column":4},"end":{"line":32,"column":82}}},"fnMap":{"0":{"name":"dispatchGlobalEvent","decl":{"start":{"line":9,"column":16},"end":{"line":9,"column":35}},"loc":{"start":{"line":9,"column":70},"end":{"line":25,"column":1}},"line":9},"1":{"name":"showMenu","decl":{"start":{"line":27,"column":16},"end":{"line":27,"column":24}},"loc":{"start":{"line":27,"column":44},"end":{"line":29,"column":1}},"line":27},"2":{"name":"hideMenu","decl":{"start":{"line":31,"column":16},"end":{"line":31,"column":24}},"loc":{"start":{"line":31,"column":44},"end":{"line":33,"column":1}},"line":31}},"branchMap":{"0":{"loc":{"start":{"line":9,"column":53},"end":{"line":9,"column":68}},"type":"default-arg","locations":[{"start":{"line":9,"column":62},"end":{"line":9,"column":68}}],"line":9},"1":{"loc":{"start":{"line":14,"column":4},"end":{"line":19,"column":5}},"type":"if","locations":[{"start":{"line":14,"column":4},"end":{"line":19,"column":5}},{"start":{"line":14,"column":4},"end":{"line":19,"column":5}}],"line":14},"2":{"loc":{"start":{"line":21,"column":4},"end":{"line":24,"column":5}},"type":"if","locations":[{"start":{"line":21,"column":4},"end":{"line":24,"column":5}},{"start":{"line":21,"column":4},"end":{"line":24,"column":5}}],"line":21},"3":{"loc":{"start":{"line":27,"column":25},"end":{"line":27,"column":34}},"type":"default-arg","locations":[{"start":{"line":27,"column":32},"end":{"line":27,"column":34}}],"line":27},"4":{"loc":{"start":{"line":31,"column":25},"end":{"line":31,"column":34}},"type":"default-arg","locations":[{"start":{"line":31,"column":32},"end":{"line":31,"column":34}}],"line":31}},"s":{"0":2,"1":2,"2":16,"3":16,"4":0,"5":0,"6":16,"7":16,"8":16,"9":9,"10":7},"f":{"0":16,"1":9,"2":7},"b":{"0":[16],"1":[16,0],"2":[16,0],"3":[1],"4":[7]},"_coverageSchema":"332fd63041d2c1bcb487cc26dd0d5f7d97098a6c","hash":"a0e9cf61adbb07a7ceaaf34ab1b678f5693254fd"}
,"/home/newISS/Documents/NewFramework/R&D/react-contextmenu/src/globalEventListener.js": {"path":"/home/newISS/Documents/NewFramework/R&D/react-contextmenu/src/globalEventListener.js","statementMap":{"0":{"start":{"line":6,"column":8},"end":{"line":6,"column":28}},"1":{"start":{"line":8,"column":8},"end":{"line":11,"column":9}},"2":{"start":{"line":9,"column":12},"end":{"line":9,"column":69}},"3":{"start":{"line":10,"column":12},"end":{"line":10,"column":69}},"4":{"start":{"line":15,"column":8},"end":{"line":17,"column":9}},"5":{"start":{"line":16,"column":12},"end":{"line":16,"column":79}},"6":{"start":{"line":16,"column":48},"end":{"line":16,"column":79}},"7":{"start":{"line":21,"column":8},"end":{"line":23,"column":9}},"8":{"start":{"line":22,"column":12},"end":{"line":22,"column":79}},"9":{"start":{"line":22,"column":48},"end":{"line":22,"column":79}},"10":{"start":{"line":27,"column":19},"end":{"line":27,"column":29}},"11":{"start":{"line":29,"column":8},"end":{"line":32,"column":10}},"12":{"start":{"line":34,"column":8},"end":{"line":34,"column":18}},"13":{"start":{"line":38,"column":8},"end":{"line":40,"column":9}},"14":{"start":{"line":39,"column":12},"end":{"line":39,"column":38}}},"fnMap":{"0":{"name":"(anonymous_0)","decl":{"start":{"line":5,"column":4},"end":{"line":5,"column":5}},"loc":{"start":{"line":5,"column":18},"end":{"line":12,"column":5}},"line":5},"1":{"name":"(anonymous_1)","decl":{"start":{"line":14,"column":22},"end":{"line":14,"column":23}},"loc":{"start":{"line":14,"column":33},"end":{"line":18,"column":5}},"line":14},"2":{"name":"(anonymous_2)","decl":{"start":{"line":20,"column":22},"end":{"line":20,"column":23}},"loc":{"start":{"line":20,"column":33},"end":{"line":24,"column":5}},"line":20},"3":{"name":"(anonymous_3)","decl":{"start":{"line":26,"column":15},"end":{"line":26,"column":16}},"loc":{"start":{"line":26,"column":47},"end":{"line":35,"column":5}},"line":26},"4":{"name":"(anonymous_4)","decl":{"start":{"line":37,"column":17},"end":{"line":37,"column":18}},"loc":{"start":{"line":37,"column":25},"end":{"line":41,"column":5}},"line":37}},"branchMap":{"0":{"loc":{"start":{"line":8,"column":8},"end":{"line":11,"column":9}},"type":"if","locations":[{"start":{"line":8,"column":8},"end":{"line":11,"column":9}},{"start":{"line":8,"column":8},"end":{"line":11,"column":9}}],"line":8},"1":{"loc":{"start":{"line":16,"column":12},"end":{"line":16,"column":79}},"type":"if","locations":[{"start":{"line":16,"column":12},"end":{"line":16,"column":79}},{"start":{"line":16,"column":12},"end":{"line":16,"column":79}}],"line":16},"2":{"loc":{"start":{"line":22,"column":12},"end":{"line":22,"column":79}},"type":"if","locations":[{"start":{"line":22,"column":12},"end":{"line":22,"column":79}},{"start":{"line":22,"column":12},"end":{"line":22,"column":79}}],"line":22},"3":{"loc":{"start":{"line":38,"column":8},"end":{"line":40,"column":9}},"type":"if","locations":[{"start":{"line":38,"column":8},"end":{"line":40,"column":9}},{"start":{"line":38,"column":8},"end":{"line":40,"column":9}}],"line":38},"4":{"loc":{"start":{"line":38,"column":12},"end":{"line":38,"column":36}},"type":"binary-expr","locations":[{"start":{"line":38,"column":12},"end":{"line":38,"column":14}},{"start":{"line":38,"column":18},"end":{"line":38,"column":36}}],"line":38}},"s":{"0":1,"1":1,"2":1,"3":1,"4":8,"5":8,"6":8,"7":6,"8":6,"9":6,"10":7,"11":7,"12":7,"13":7,"14":7},"f":{"0":1,"1":8,"2":6,"3":7,"4":7},"b":{"0":[1,0],"1":[8,0],"2":[6,0],"3":[7,0],"4":[7,7]},"_coverageSchema":"332fd63041d2c1bcb487cc26dd0d5f7d97098a6c","hash":"8591ea7ef166f4b12be01f40b6527972bae5f857"}
,"/home/newISS/Documents/NewFramework/R&D/react-contextmenu/src/helpers.js": {"path":"/home/newISS/Documents/NewFramework/R&D/react-contextmenu/src/helpers.js","statementMap":{"0":{"start":{"line":2,"column":4},"end":{"line":2,"column":57}},"1":{"start":{"line":6,"column":4},"end":{"line":6,"column":59}},"2":{"start":{"line":10,"column":4},"end":{"line":10,"column":51}},"3":{"start":{"line":13,"column":26},"end":{"line":23,"column":1}},"4":{"start":{"line":25,"column":21},"end":{"line":25,"column":23}},"5":{"start":{"line":27,"column":25},"end":{"line":29,"column":1}}},"fnMap":{"0":{"name":"callIfExists","decl":{"start":{"line":1,"column":16},"end":{"line":1,"column":28}},"loc":{"start":{"line":1,"column":44},"end":{"line":3,"column":1}},"line":1},"1":{"name":"hasOwnProp","decl":{"start":{"line":5,"column":16},"end":{"line":5,"column":26}},"loc":{"start":{"line":5,"column":38},"end":{"line":7,"column":1}},"line":5},"2":{"name":"uniqueId","decl":{"start":{"line":9,"column":16},"end":{"line":9,"column":24}},"loc":{"start":{"line":9,"column":27},"end":{"line":11,"column":1}},"line":9}},"branchMap":{"0":{"loc":{"start":{"line":2,"column":11},"end":{"line":2,"column":56}},"type":"binary-expr","locations":[{"start":{"line":2,"column":12},"end":{"line":2,"column":38}},{"start":{"line":2,"column":43},"end":{"line":2,"column":56}}],"line":2},"1":{"loc":{"start":{"line":28,"column":2},"end":{"line":28,"column":83}},"type":"binary-expr","locations":[{"start":{"line":28,"column":2},"end":{"line":28,"column":31}},{"start":{"line":28,"column":35},"end":{"line":28,"column":50}},{"start":{"line":28,"column":54},"end":{"line":28,"column":83}}],"line":28}},"s":{"0":12,"1":14,"2":7,"3":2,"4":2,"5":2},"f":{"0":12,"1":14,"2":7},"b":{"0":[12,12],"1":[2,2,2]},"_coverageSchema":"332fd63041d2c1bcb487cc26dd0d5f7d97098a6c","hash":"bf0e7fbfc7bb48f8d8a200b2d351ed8fb2186e36"}
}
