TN:
SF:/home/newISS/Documents/NewFramework/R&D/react-contextmenu/src/AbstractMenu.js
FN:11,(anonymous_0)
FN:21,(anonymous_1)
FN:68,(anonymous_2)
FN:72,(anonymous_3)
FN:79,(anonymous_4)
FN:82,(anonymous_5)
FN:116,(anonymous_6)
FN:122,(anonymous_7)
FN:126,(anonymous_8)
FN:126,(anonymous_9)
FN:144,(anonymous_10)
FN:148,(anonymous_11)
FNF:12
FNH:4
FNDA:7,(anonymous_0)
FNDA:2,(anonymous_1)
FNDA:0,(anonymous_2)
FNDA:1,(anonymous_3)
FNDA:0,(anonymous_4)
FNDA:0,(anonymous_5)
FNDA:0,(anonymous_6)
FNDA:0,(anonymous_7)
FNDA:18,(anonymous_8)
FNDA:0,(anonymous_9)
FNDA:0,(anonymous_10)
FNDA:0,(anonymous_11)
DA:12,7
DA:14,7
DA:15,7
DA:24,2
DA:25,0
DA:28,2
DA:31,1
DA:32,1
DA:33,1
DA:35,0
DA:36,0
DA:37,0
DA:39,0
DA:40,0
DA:41,0
DA:43,0
DA:44,0
DA:46,1
DA:47,1
DA:50,1
DA:54,1
DA:57,0
DA:59,1
DA:62,1
DA:69,0
DA:73,1
DA:74,0
DA:75,0
DA:80,0
DA:81,0
DA:82,0
DA:85,0
DA:86,0
DA:89,0
DA:91,0
DA:92,0
DA:93,0
DA:96,0
DA:97,0
DA:98,0
DA:99,0
DA:103,0
DA:104,0
DA:109,0
DA:117,0
DA:118,0
DA:123,0
DA:126,18
DA:127,0
DA:128,0
DA:129,0
DA:131,0
DA:132,0
DA:134,0
DA:135,0
DA:137,0
DA:138,0
DA:139,0
DA:141,0
DA:143,0
DA:144,0
DA:145,0
DA:148,0
DA:149,0
LF:64
LH:16
BRDA:24,0,0,0
BRDA:24,0,1,2
BRDA:28,1,0,0
BRDA:28,1,1,1
BRDA:28,1,2,0
BRDA:28,1,3,0
BRDA:28,1,4,0
BRDA:28,1,5,1
BRDA:28,1,6,0
BRDA:50,2,0,1
BRDA:50,2,1,0
BRDA:50,2,2,0
BRDA:54,3,0,0
BRDA:54,3,1,1
BRDA:54,4,0,1
BRDA:54,4,1,0
BRDA:54,4,2,0
BRDA:73,5,0,0
BRDA:73,5,1,1
BRDA:73,6,0,1
BRDA:73,6,1,0
BRDA:85,7,0,0
BRDA:85,7,1,0
BRDA:89,8,0,0
BRDA:89,8,1,0
BRDA:92,9,0,0
BRDA:92,9,1,0
BRDA:98,10,0,0
BRDA:98,10,1,0
BRDA:100,11,0,0
BRDA:100,11,1,0
BRDA:103,12,0,0
BRDA:103,12,1,0
BRDA:105,13,0,0
BRDA:105,13,1,0
BRDA:110,14,0,0
BRDA:110,14,1,0
BRDA:117,15,0,0
BRDA:117,15,1,0
BRDA:128,16,0,0
BRDA:128,16,1,0
BRDA:129,17,0,0
BRDA:129,17,1,0
BRDA:135,18,0,0
BRDA:135,18,1,0
BRDA:137,19,0,0
BRDA:137,19,1,0
BRDA:141,20,0,0
BRDA:141,20,1,0
BRDA:141,21,0,0
BRDA:141,21,1,0
BRF:51
BRH:8
end_of_record
TN:
SF:/home/newISS/Documents/NewFramework/R&D/react-contextmenu/src/ContextMenu.js
FN:35,(anonymous_0)
FN:45,(anonymous_1)
FN:49,(anonymous_2)
FN:53,(anonymous_3)
FN:57,(anonymous_4)
FN:62,(anonymous_5)
FN:77,(anonymous_6)
FN:85,(anonymous_7)
FN:94,(anonymous_8)
FN:103,(anonymous_9)
FN:113,(anonymous_10)
FN:121,(anonymous_11)
FN:125,(anonymous_12)
FN:138,(anonymous_13)
FN:145,(anonymous_14)
FN:151,(anonymous_15)
FN:181,(anonymous_16)
FN:185,(anonymous_17)
FNF:18
FNH:13
FNDA:7,(anonymous_0)
FNDA:0,(anonymous_1)
FNDA:7,(anonymous_2)
FNDA:11,(anonymous_3)
FNDA:0,(anonymous_4)
FNDA:0,(anonymous_5)
FNDA:7,(anonymous_6)
FNDA:6,(anonymous_7)
FNDA:12,(anonymous_8)
FNDA:8,(anonymous_9)
FNDA:6,(anonymous_10)
FNDA:1,(anonymous_11)
FNDA:1,(anonymous_12)
FNDA:0,(anonymous_13)
FNDA:2,(anonymous_14)
FNDA:0,(anonymous_15)
FNDA:14,(anonymous_16)
FNDA:18,(anonymous_17)
DA:29,1
DA:30,0
DA:31,5
DA:36,7
DA:38,7
DA:46,0
DA:50,7
DA:54,11
DA:55,6
DA:57,6
DA:58,0
DA:60,0
DA:62,0
DA:63,0
DA:64,0
DA:65,0
DA:66,0
DA:67,0
DA:71,5
DA:72,5
DA:73,5
DA:78,7
DA:79,7
DA:82,7
DA:86,6
DA:87,6
DA:88,6
DA:89,6
DA:90,6
DA:91,6
DA:95,12
DA:96,12
DA:97,12
DA:98,12
DA:99,12
DA:100,12
DA:104,8
DA:106,6
DA:108,6
DA:109,6
DA:110,6
DA:114,6
DA:115,5
DA:116,5
DA:117,5
DA:122,1
DA:126,1
DA:128,1
DA:135,1
DA:139,0
DA:140,0
DA:142,0
DA:146,2
DA:147,2
DA:152,0
DA:157,0
DA:159,0
DA:160,0
DA:162,0
DA:163,0
DA:166,0
DA:167,0
DA:170,0
DA:171,0
DA:174,0
DA:175,0
DA:178,0
DA:182,14
DA:186,18
DA:187,18
DA:188,18
DA:193,18
DA:197,18
LF:73
LH:47
BRDA:54,0,0,6
BRDA:54,0,1,5
BRDA:55,1,0,6
BRDA:55,1,1,0
BRDA:63,2,0,0
BRDA:63,2,1,0
BRDA:71,3,0,0
BRDA:71,3,1,5
BRDA:78,4,0,7
BRDA:78,4,1,0
BRDA:104,5,0,2
BRDA:104,5,1,6
BRDA:104,6,0,8
BRDA:104,6,1,7
BRDA:114,7,0,5
BRDA:114,7,1,1
BRDA:114,8,0,6
BRDA:114,8,1,5
BRDA:114,8,2,5
BRDA:114,8,3,0
BRDA:122,9,0,1
BRDA:122,9,1,0
BRDA:135,10,0,1
BRDA:135,10,1,0
BRDA:139,11,0,0
BRDA:139,11,1,0
BRDA:146,12,0,2
BRDA:146,12,1,0
BRDA:146,13,0,2
BRDA:146,13,1,1
BRDA:151,14,0,0
BRDA:151,15,0,0
BRDA:157,16,0,0
BRDA:157,16,1,0
BRDA:162,17,0,0
BRDA:162,17,1,0
BRDA:166,18,0,0
BRDA:166,18,1,0
BRDA:170,19,0,0
BRDA:170,19,1,0
BRDA:171,20,0,0
BRDA:171,20,1,0
BRDA:174,21,0,0
BRDA:174,21,1,0
BRDA:175,22,0,0
BRDA:175,22,1,0
BRF:46
BRH:19
end_of_record
TN:
SF:/home/newISS/Documents/NewFramework/R&D/react-contextmenu/src/MenuItem.js
FN:32,(anonymous_0)
FN:33,(anonymous_1)
FN:36,(anonymous_2)
FN:53,(anonymous_3)
FN:66,(anonymous_4)
FNF:5
FNH:0
FNDA:0,(anonymous_0)
FNDA:0,(anonymous_1)
FNDA:0,(anonymous_2)
FNDA:0,(anonymous_3)
FNDA:0,(anonymous_4)
DA:29,0
DA:32,0
DA:33,0
DA:37,0
DA:39,0
DA:41,0
DA:48,0
DA:50,0
DA:54,0
DA:55,0
DA:61,0
DA:66,0
LF:12
LH:0
BRDA:39,0,0,0
BRDA:39,0,1,0
BRDA:39,1,0,0
BRDA:39,1,1,0
BRDA:48,2,0,0
BRDA:48,2,1,0
BRDA:64,3,0,0
BRDA:64,3,1,0
BRDA:65,4,0,0
BRDA:65,4,1,0
BRDA:69,5,0,0
BRDA:69,5,1,0
BRF:12
BRH:0
end_of_record
TN:
SF:/home/newISS/Documents/NewFramework/R&D/react-contextmenu/src/SubMenu.js
FN:34,(anonymous_0)
FN:35,(anonymous_1)
FN:37,(anonymous_2)
FN:38,(anonymous_3)
FN:41,(anonymous_4)
FN:49,(anonymous_5)
FN:50,(anonymous_6)
FN:53,(anonymous_7)
FN:57,(anonymous_8)
FN:65,(anonymous_9)
FN:69,(anonymous_10)
FN:89,(anonymous_11)
FN:102,(anonymous_12)
FN:114,(anonymous_13)
FN:134,(anonymous_14)
FN:154,(anonymous_15)
FN:167,(anonymous_16)
FN:180,(anonymous_17)
FN:185,(anonymous_18)
FN:191,(anonymous_19)
FN:196,(anonymous_20)
FN:202,(anonymous_21)
FN:206,(anonymous_22)
FN:210,(anonymous_23)
FN:215,(anonymous_24)
FN:222,(anonymous_25)
FNF:26
FNH:0
FNDA:0,(anonymous_0)
FNDA:0,(anonymous_1)
FNDA:0,(anonymous_2)
FNDA:0,(anonymous_3)
FNDA:0,(anonymous_4)
FNDA:0,(anonymous_5)
FNDA:0,(anonymous_6)
FNDA:0,(anonymous_7)
FNDA:0,(anonymous_8)
FNDA:0,(anonymous_9)
FNDA:0,(anonymous_10)
FNDA:0,(anonymous_11)
FNDA:0,(anonymous_12)
FNDA:0,(anonymous_13)
FNDA:0,(anonymous_14)
FNDA:0,(anonymous_15)
FNDA:0,(anonymous_16)
FNDA:0,(anonymous_17)
FNDA:0,(anonymous_18)
FNDA:0,(anonymous_19)
FNDA:0,(anonymous_20)
FNDA:0,(anonymous_21)
FNDA:0,(anonymous_22)
FNDA:0,(anonymous_23)
FNDA:0,(anonymous_24)
FNDA:0,(anonymous_25)
DA:34,0
DA:35,0
DA:37,0
DA:38,0
DA:42,0
DA:44,0
DA:50,0
DA:54,0
DA:58,0
DA:62,0
DA:66,0
DA:67,0
DA:68,0
DA:69,0
DA:70,0
DA:74,0
DA:75,0
DA:76,0
DA:77,0
DA:79,0
DA:80,0
DA:81,0
DA:82,0
DA:83,0
DA:85,0
DA:86,0
DA:89,0
DA:90,0
DA:91,0
DA:92,0
DA:93,0
DA:94,0
DA:95,0
DA:97,0
DA:98,0
DA:103,0
DA:104,0
DA:107,0
DA:109,0
DA:111,0
DA:115,0
DA:116,0
DA:117,0
DA:119,0
DA:120,0
DA:122,0
DA:125,0
DA:126,0
DA:128,0
DA:131,0
DA:135,0
DA:136,0
DA:137,0
DA:139,0
DA:140,0
DA:142,0
DA:145,0
DA:146,0
DA:148,0
DA:151,0
DA:156,0
DA:157,0
DA:160,0
DA:161,0
DA:163,0
DA:164,0
DA:168,0
DA:170,0
DA:172,0
DA:181,0
DA:183,0
DA:185,0
DA:192,0
DA:194,0
DA:196,0
DA:203,0
DA:207,0
DA:211,0
DA:212,0
DA:216,0
DA:217,0
DA:218,0
DA:223,0
DA:224,0
DA:225,0
DA:234,0
DA:244,0
DA:255,0
LF:88
LH:0
BRDA:58,0,0,0
BRDA:58,0,1,0
BRDA:58,0,2,0
BRDA:58,0,3,0
BRDA:60,1,0,0
BRDA:60,1,1,0
BRDA:61,2,0,0
BRDA:61,2,1,0
BRDA:66,3,0,0
BRDA:66,3,1,0
BRDA:67,4,0,0
BRDA:67,4,1,0
BRDA:67,5,0,0
BRDA:67,5,1,0
BRDA:68,6,0,0
BRDA:68,6,1,0
BRDA:70,7,0,0
BRDA:70,7,1,0
BRDA:79,8,0,0
BRDA:79,8,1,0
BRDA:80,9,0,0
BRDA:80,9,1,0
BRDA:81,10,0,0
BRDA:81,10,1,0
BRDA:82,11,0,0
BRDA:82,11,1,0
BRDA:103,12,0,0
BRDA:103,12,1,0
BRDA:107,13,0,0
BRDA:107,13,1,0
BRDA:109,14,0,0
BRDA:109,14,1,0
BRDA:119,15,0,0
BRDA:119,15,1,0
BRDA:125,16,0,0
BRDA:125,16,1,0
BRDA:139,17,0,0
BRDA:139,17,1,0
BRDA:145,18,0,0
BRDA:145,18,1,0
BRDA:156,19,0,0
BRDA:156,19,1,0
BRDA:156,20,0,0
BRDA:156,20,1,0
BRDA:156,20,2,0
BRDA:156,20,3,0
BRDA:160,21,0,0
BRDA:160,21,1,0
BRDA:170,22,0,0
BRDA:170,22,1,0
BRDA:181,23,0,0
BRDA:181,23,1,0
BRDA:183,24,0,0
BRDA:183,24,1,0
BRDA:183,25,0,0
BRDA:183,25,1,0
BRDA:192,26,0,0
BRDA:192,26,1,0
BRDA:194,27,0,0
BRDA:194,27,1,0
BRDA:217,28,0,0
BRDA:217,28,1,0
BRF:62
BRH:0
end_of_record
TN:
SF:/home/newISS/Documents/NewFramework/R&D/react-contextmenu/src/actions.js
FN:9,dispatchGlobalEvent
FN:27,showMenu
FN:31,hideMenu
FNF:3
FNH:3
FNDA:16,dispatchGlobalEvent
FNDA:9,showMenu
FNDA:7,hideMenu
DA:5,2
DA:6,2
DA:14,16
DA:15,16
DA:17,0
DA:18,0
DA:21,16
DA:22,16
DA:23,16
DA:28,9
DA:32,7
LF:11
LH:9
BRDA:9,0,0,16
BRDA:14,1,0,16
BRDA:14,1,1,0
BRDA:21,2,0,16
BRDA:21,2,1,0
BRDA:27,3,0,1
BRDA:31,4,0,7
BRF:7
BRH:5
end_of_record
TN:
SF:/home/newISS/Documents/NewFramework/R&D/react-contextmenu/src/globalEventListener.js
FN:5,(anonymous_0)
FN:14,(anonymous_1)
FN:20,(anonymous_2)
FN:26,(anonymous_3)
FN:37,(anonymous_4)
FNF:5
FNH:5
FNDA:1,(anonymous_0)
FNDA:8,(anonymous_1)
FNDA:6,(anonymous_2)
FNDA:7,(anonymous_3)
FNDA:7,(anonymous_4)
DA:6,1
DA:8,1
DA:9,1
DA:10,1
DA:15,8
DA:16,8
DA:21,6
DA:22,6
DA:27,7
DA:29,7
DA:34,7
DA:38,7
DA:39,7
LF:13
LH:13
BRDA:8,0,0,1
BRDA:8,0,1,0
BRDA:16,1,0,8
BRDA:16,1,1,0
BRDA:22,2,0,6
BRDA:22,2,1,0
BRDA:38,3,0,7
BRDA:38,3,1,0
BRDA:38,4,0,7
BRDA:38,4,1,7
BRF:10
BRH:6
end_of_record
TN:
SF:/home/newISS/Documents/NewFramework/R&D/react-contextmenu/src/helpers.js
FN:1,callIfExists
FN:5,hasOwnProp
FN:9,uniqueId
FNF:3
FNH:3
FNDA:12,callIfExists
FNDA:14,hasOwnProp
FNDA:7,uniqueId
DA:2,12
DA:6,14
DA:10,7
DA:13,2
DA:25,2
DA:27,2
LF:6
LH:6
BRDA:2,0,0,12
BRDA:2,0,1,12
BRDA:28,1,0,2
BRDA:28,1,1,2
BRDA:28,1,2,2
BRF:5
BRH:5
end_of_record
